Last automated update: Sat Oct 18 02:04:46 UTC 2025
Last automated update: Sat Oct 18 03:00:27 UTC 2025
Last automated update: Sun Oct 19 03:17:55 UTC 2025
Last automated update: Mon Oct 20 03:17:35 UTC 2025
Last automated update: Tue Oct 21 03:07:25 UTC 2025
Last automated update: Wed Oct 22 03:12:56 UTC 2025
Last automated update: Thu Oct 23 03:05:09 UTC 2025
Last automated update: Fri Oct 24 03:01:59 UTC 2025
Last automated update: Sat Oct 25 03:03:52 UTC 2025
Last automated update: Sun Oct 26 03:12:16 UTC 2025
Last automated update: Mon Oct 27 03:22:11 UTC 2025
Last automated update: Tue Oct 28 03:09:21 UTC 2025
Last automated update: Wed Oct 29 03:17:39 UTC 2025
Last automated update: Thu Oct 30 03:13:15 UTC 2025
Last automated update: Fri Oct 31 03:12:55 UTC 2025
Last automated update: Sat Nov  1 03:13:41 UTC 2025
Last automated update: Sun Nov  2 03:17:38 UTC 2025
Last automated update: Mon Nov  3 03:19:43 UTC 2025
Last automated update: Tue Nov  4 03:12:20 UTC 2025
Last automated update: Wed Nov  5 03:13:48 UTC 2025
Last automated update: Thu Nov  6 03:16:06 UTC 2025
Last automated update: Fri Nov  7 03:12:52 UTC 2025
Last automated update: Sat Nov  8 03:04:11 UTC 2025
Last automated update: Sun Nov  9 03:15:24 UTC 2025
Last automated update: Mon Nov 10 03:21:19 UTC 2025
Last automated update: Tue Nov 11 03:15:42 UTC 2025
Last automated update: Wed Nov 12 03:14:15 UTC 2025
Last automated update: Thu Nov 13 03:17:01 UTC 2025
Last automated update: Fri Nov 14 03:15:29 UTC 2025
Last automated update: Sat Nov 15 03:09:09 UTC 2025
Last automated update: Sun Nov 16 03:20:31 UTC 2025
Last automated update: Mon Nov 17 03:18:37 UTC 2025
Last automated update: Tue Nov 18 03:14:27 UTC 2025
Last automated update: Wed Nov 19 03:13:57 UTC 2025
Last automated update: Thu Nov 20 03:12:00 UTC 2025
Last automated update: Fri Nov 21 03:12:56 UTC 2025
Last automated update: Sat Nov 22 03:06:41 UTC 2025
Last automated update: Sun Nov 23 03:38:07 UTC 2025
Last automated update: Mon Nov 24 03:26:39 UTC 2025
Last automated update: Tue Nov 25 03:17:01 UTC 2025
Last automated update: Wed Nov 26 03:17:06 UTC 2025
Last automated update: Thu Nov 27 03:13:44 UTC 2025
Last automated update: Fri Nov 28 03:13:29 UTC 2025
Last automated update: Sat Nov 29 03:13:53 UTC 2025
Last automated update: Sun Nov 30 03:38:06 UTC 2025
Last automated update: Mon Dec  1 03:53:23 UTC 2025
Last automated update: Tue Dec  2 03:20:46 UTC 2025
Last automated update: Wed Dec  3 03:19:54 UTC 2025
Last automated update: Thu Dec  4 03:21:48 UTC 2025
Last automated update: Fri Dec  5 03:21:16 UTC 2025
Last automated update: Sat Dec  6 03:11:47 UTC 2025
Last automated update: Sun Dec  7 03:38:05 UTC 2025
Last automated update: Mon Dec  8 03:24:34 UTC 2025
Last automated update: Tue Dec  9 03:21:01 UTC 2025
Last automated update: Wed Dec 10 03:25:09 UTC 2025
Last automated update: Thu Dec 11 03:27:06 UTC 2025
Last automated update: Fri Dec 12 03:25:55 UTC 2025
Last automated update: Sat Dec 13 03:17:52 UTC 2025
Last automated update: Sun Dec 14 03:40:12 UTC 2025
Last automated update: Mon Dec 15 03:44:09 UTC 2025
Last automated update: Tue Dec 16 03:27:05 UTC 2025
Last automated update: Wed Dec 17 03:22:36 UTC 2025
Last automated update: Thu Dec 18 03:23:22 UTC 2025
Last automated update: Fri Dec 19 03:26:32 UTC 2025
Last automated update: Sat Dec 20 03:17:38 UTC 2025
Last automated update: Sun Dec 21 03:40:36 UTC 2025
Last automated update: Mon Dec 22 03:45:11 UTC 2025
Last automated update: Tue Dec 23 03:38:20 UTC 2025
Last automated update: Wed Dec 24 03:26:42 UTC 2025
Last automated update: Thu Dec 25 03:38:22 UTC 2025
Last automated update: Fri Dec 26 03:27:22 UTC 2025
Last automated update: Sat Dec 27 03:25:34 UTC 2025
Last automated update: Sun Dec 28 03:49:46 UTC 2025
Last automated update: Mon Dec 29 03:51:28 UTC 2025
Last automated update: Tue Dec 30 03:40:03 UTC 2025
Last automated update: Wed Dec 31 03:38:48 UTC 2025
Last automated update: Thu Jan  1 03:52:22 UTC 2026
Last automated update: Fri Jan  2 03:42:49 UTC 2026
Last automated update: Sat Jan  3 03:24:39 UTC 2026
Last automated update: Sun Jan  4 03:52:58 UTC 2026
Last automated update: Mon Jan  5 03:57:43 UTC 2026
Last automated update: Tue Jan  6 03:41:18 UTC 2026
Last automated update: Wed Jan  7 03:41:25 UTC 2026
Last automated update: Thu Jan  8 03:41:37 UTC 2026
Last automated update: Fri Jan  9 03:41:57 UTC 2026
Last automated update: Sat Jan 10 03:26:35 UTC 2026
Last automated update: Sun Jan 11 03:52:18 UTC 2026
Last automated update: Mon Jan 12 03:51:29 UTC 2026
Last automated update: Tue Jan 13 03:40:46 UTC 2026
Last automated update: Wed Jan 14 03:49:30 UTC 2026
Last automated update: Thu Jan 15 03:43:44 UTC 2026
Last automated update: Fri Jan 16 03:42:04 UTC 2026
Last automated update: Sat Jan 17 03:25:16 UTC 2026
Last automated update: Sun Jan 18 03:48:11 UTC 2026
Last automated update: Mon Jan 19 03:52:49 UTC 2026
Last automated update: Tue Jan 20 03:46:23 UTC 2026
Last automated update: Wed Jan 21 03:46:16 UTC 2026
Last automated update: Thu Jan 22 03:50:15 UTC 2026
Last automated update: Fri Jan 23 03:44:51 UTC 2026
Last automated update: Sat Jan 24 03:38:37 UTC 2026
Last automated update: Sun Jan 25 03:56:06 UTC 2026
Last automated update: Mon Jan 26 03:59:02 UTC 2026
Last automated update: Tue Jan 27 03:49:47 UTC 2026
Last automated update: Wed Jan 28 03:47:29 UTC 2026
Last automated update: Thu Jan 29 04:09:05 UTC 2026
Last automated update: Fri Jan 30 04:11:12 UTC 2026
Last automated update: Sat Jan 31 04:07:17 UTC 2026
Last automated update: Sun Feb  1 04:30:51 UTC 2026
Last automated update: Mon Feb  2 04:26:28 UTC 2026
Last automated update: Tue Feb  3 04:18:22 UTC 2026
Last automated update: Wed Feb  4 04:12:14 UTC 2026
Last automated update: Thu Feb  5 04:17:21 UTC 2026
Last automated update: Fri Feb  6 04:17:33 UTC 2026
Last automated update: Sat Feb  7 04:09:58 UTC 2026
Last automated update: Sun Feb  8 04:33:41 UTC 2026
Last automated update: Mon Feb  9 04:28:50 UTC 2026
Last automated update: Tue Feb 10 04:33:00 UTC 2026
Last automated update: Wed Feb 11 04:31:11 UTC 2026
Last automated update: Thu Feb 12 04:26:42 UTC 2026
Last automated update: Fri Feb 13 04:23:30 UTC 2026
Last automated update: Sat Feb 14 04:11:53 UTC 2026
Last automated update: Sun Feb 15 04:24:20 UTC 2026
Last automated update: Mon Feb 16 04:27:40 UTC 2026
Last automated update: Tue Feb 17 04:22:23 UTC 2026
Last automated update: Wed Feb 18 04:23:57 UTC 2026
Last automated update: Thu Feb 19 04:22:33 UTC 2026
Last automated update: Fri Feb 20 04:17:41 UTC 2026
Last automated update: Sat Feb 21 04:08:53 UTC 2026
Last automated update: Sun Feb 22 04:20:39 UTC 2026
Last automated update: Mon Feb 23 04:26:38 UTC 2026
Last automated update: Tue Feb 24 04:21:17 UTC 2026
Last automated update: Wed Feb 25 04:22:46 UTC 2026
Last automated update: Thu Feb 26 04:19:39 UTC 2026
Last automated update: Fri Feb 27 04:15:22 UTC 2026
Last automated update: Sat Feb 28 03:57:01 UTC 2026
Last automated update: Sun Mar  1 04:24:18 UTC 2026
Last automated update: Mon Mar  2 04:16:52 UTC 2026
Last automated update: Tue Mar  3 04:17:30 UTC 2026
Last automated update: Wed Mar  4 04:10:26 UTC 2026
Last automated update: Thu Mar  5 04:14:51 UTC 2026
Last automated update: Fri Mar  6 04:11:13 UTC 2026
Last automated update: Sat Mar  7 04:02:37 UTC 2026
Last automated update: Sun Mar  8 04:13:28 UTC 2026
Last automated update: Mon Mar  9 04:20:56 UTC 2026
Last automated update: Tue Mar 10 04:11:35 UTC 2026
Last automated update: Wed Mar 11 04:11:46 UTC 2026
Last automated update: Thu Mar 12 04:15:58 UTC 2026
Last automated update: Fri Mar 13 04:14:44 UTC 2026
Last automated update: Sat Mar 14 04:12:41 UTC 2026
Last automated update: Sun Mar 15 04:34:14 UTC 2026
Last automated update: Mon Mar 16 04:42:02 UTC 2026
Last automated update: Tue Mar 17 04:21:19 UTC 2026
Last automated update: Wed Mar 18 04:26:27 UTC 2026
Last automated update: Thu Mar 19 04:25:25 UTC 2026
Last automated update: Fri Mar 20 04:17:03 UTC 2026
Last automated update: Sat Mar 21 04:07:24 UTC 2026
Last automated update: Sun Mar 22 04:22:44 UTC 2026
Last automated update: Mon Mar 23 04:30:57 UTC 2026
Last automated update: Tue Mar 24 04:22:00 UTC 2026
Last automated update: Wed Mar 25 04:23:31 UTC 2026
Last automated update: Thu Mar 26 04:35:10 UTC 2026
Last automated update: Fri Mar 27 04:35:42 UTC 2026
Last automated update: Sat Mar 28 04:23:28 UTC 2026
Last automated update: Sun Mar 29 04:39:17 UTC 2026
Last automated update: Mon Mar 30 04:47:26 UTC 2026
Last automated update: Tue Mar 31 04:38:05 UTC 2026
Last automated update: Wed Apr  1 04:48:53 UTC 2026
Last automated update: Thu Apr  2 04:32:00 UTC 2026
Last automated update: Fri Apr  3 04:32:14 UTC 2026
Last automated update: Sat Apr  4 04:20:41 UTC 2026
Last automated update: Sun Apr  5 04:39:08 UTC 2026
Last automated update: Mon Apr  6 04:46:40 UTC 2026
Last automated update: Tue Apr  7 04:35:13 UTC 2026
Last automated update: Wed Apr  8 04:39:14 UTC 2026
Last automated update: Thu Apr  9 04:36:09 UTC 2026
Last automated update: Fri Apr 10 04:49:16 UTC 2026
Last automated update: Sat Apr 11 04:23:43 UTC 2026
Last automated update: Sun Apr 12 04:48:41 UTC 2026
Last automated update: Mon Apr 13 05:16:04 UTC 2026
Last automated update: Tue Apr 14 04:47:03 UTC 2026
Last automated update: Wed Apr 15 04:47:23 UTC 2026
Last automated update: Thu Apr 16 04:53:09 UTC 2026
Last automated update: Fri Apr 17 04:50:49 UTC 2026
Last automated update: Sat Apr 18 04:34:09 UTC 2026
Last automated update: Sun Apr 19 04:52:28 UTC 2026
Last automated update: Mon Apr 20 05:15:17 UTC 2026
Last automated update: Tue Apr 21 04:50:10 UTC 2026
Last automated update: Wed Apr 22 04:48:17 UTC 2026
Last automated update: Thu Apr 23 04:52:08 UTC 2026
Last automated update: Fri Apr 24 04:56:33 UTC 2026
Last automated update: Sat Apr 25 04:38:00 UTC 2026
Last automated update: Sun Apr 26 05:13:57 UTC 2026
